=================================================================================================
| ACPYPE: AnteChamber PYthon Parser interfacE v. 2017-01-17 22:13:52Z Rev: 10101 (c) 2018 AWSdS |
=================================================================================================
==> ... charge set to 0
==> Executing Antechamber...
==> * Antechamber OK *
==> * Parmchk OK *
==> Executing Tleap...
++++++++++start_quote+++++++++++++++++++++++++++++++++++++++++++++++++++++++++++
Checking 'SUB'....
Checking parameters for unit 'SUB'.
Checking for bond parameters.
Checking for angle parameters.
Unit is OK.
++++++++++end_quote+++++++++++++++++++++++++++++++++++++++++++++++++++++++++++++
==> * Tleap OK *
==> Removing temporary files...
==> Writing NEW PDB file

==> Writing CNS/XPLOR files

==> Writing GROMACS files

==> Writing GMX dihedrals for GMX 4.5 and higher.

==> Writing CHARMM files

==> Writing pickle file lpkagami_2018-02-25-21:20:15.pkl
Total time of execution: 1m 49s
