log started: Thu Aug 10 09:54:15 2017

Log file: ./mk_nablib.log
> addAtomTypes {
> 	{ "H"   "H" "sp3" }
> 	{ "HO"  "H" "sp3" }
> 	{ "HS"  "H" "sp3" }
> 	{ "H1"  "H" "sp3" }
> 	{ "H2"  "H" "sp3" }
> 	{ "H3"  "H" "sp3" }
> 	{ "H4"  "H" "sp3" }
> 	{ "H5"  "H" "sp3" }
> 	{ "HW"  "H" "sp3" }
> 	{ "HC"  "H" "sp3" }
> 	{ "HA"  "H" "sp3" }
> 	{ "HP"  "H" "sp3" }
> 	{ "OH"  "O" "sp3" }
> 	{ "OS"  "O" "sp3" }
> 	{ "O"   "O" "sp2" }
> 	{ "O2"  "O" "sp2" }
> 	{ "OW"  "O" "sp3" }
> 	{ "CT"  "C" "sp3" }
> 	{ "CX"  "C" "sp3" }
> 	{ "CH"  "C" "sp3" }
> 	{ "C2"  "C" "sp3" }
> 	{ "C3"  "C" "sp3" }
> 	{ "C4"  "C" "sp3" }
> 	{ "C5"  "C" "sp3" }
> 	{ "CS"  "C" "sp3" }
> 	{ "C"   "C" "sp2" }
> 	{ "C*"  "C" "sp2" }
> 	{ "CA"  "C" "sp2" }
> 	{ "CB"  "C" "sp2" }
> 	{ "CC"  "C" "sp2" }
> 	{ "CN"  "C" "sp2" }
> 	{ "CM"  "C" "sp2" }
> 	{ "CK"  "C" "sp2" }
> 	{ "CQ"  "C" "sp2" }
> 	{ "CD"  "C" "sp2" }
> 	{ "CE"  "C" "sp2" }
> 	{ "CF"  "C" "sp2" }
> 	{ "CG"  "C" "sp2" }
> 	{ "CP"  "C" "sp2" }
> 	{ "CI"  "C" "sp2" }
> 	{ "CJ"  "C" "sp2" }
> 	{ "CW"  "C" "sp2" }
> 	{ "CV"  "C" "sp2" }
> 	{ "CR"  "C" "sp2" }
> 	{ "CA"  "C" "sp2" }
> 	{ "CY"  "C" "sp2" }
> 	{ "C0"  "Ca" "sp3" }
> 	{ "MG"  "Mg" "sp3" }
> 	{ "N"   "N" "sp2" }
> 	{ "NA"  "N" "sp2" }
> 	{ "N2"  "N" "sp2" }
> 	{ "N*"  "N" "sp2" }
> 	{ "NP"  "N" "sp2" }
> 	{ "NQ"  "N" "sp2" }
> 	{ "NB"  "N" "sp2" }
> 	{ "NC"  "N" "sp2" }
> 	{ "NT"  "N" "sp3" }
> 	{ "N3"  "N" "sp3" }
> 	{ "S"   "S" "sp3" }
> 	{ "SH"  "S" "sp3" }
> 	{ "P"   "P" "sp3" }
> 	{ "LP"  ""  "sp3" }
> 	{ "F"   "F" "sp3" }
> 	{ "CL"  "Cl" "sp3" }
> 	{ "BR"  "Br" "sp3" }
> 	{ "I"   "I"  "sp3" }
> 	{ "FE"  "Fe" "sp3" }
>     { "EP"  ""   "sp3" }
> # glycam
> 	{ "OG"  "O" "sp3" }
> 	{ "OL"  "O" "sp3" }
> 	{ "AC"  "C" "sp3" }
> 	{ "EC"  "C" "sp3" }
> }
> #
> #	leap .cmd script for building the default residue library for nab
> #
> #    nucleic acids..
> #
> loadOff nucleic12.lib
Loading library: ./nucleic12.lib
Loading: A
Loading: A3
Loading: A5
Loading: AN
Loading: C
Loading: C3
Loading: C5
Loading: CN
Loading: DA
Loading: DA3
Loading: DA5
Loading: DAN
Loading: DC
Loading: DC3
Loading: DC5
Loading: DCN
Loading: DG
Loading: DG3
Loading: DG5
Loading: DGN
Loading: DT
Loading: DT3
Loading: DT5
Loading: DTN
Loading: G
Loading: G3
Loading: G5
Loading: GN
Loading: OHE
Loading: U
Loading: U3
Loading: U5
Loading: UN
> #
> a = { DA5  DT5  DG5  DC5  } 
> b = { DA3  DT3  DG3  DC3  } 
> c = { A5  U5  G5  C5  } 
> d = { A3  U3  G3  C3  } 
> e = { DA   DT   DG   DC   }
> f = { A   U   G   C   }
> g = { DAN  DTN  DGN  DCN  }
> h = { AN  UN  GN  CN OHE  }
> #
> set a restype nucleic
> set   DA5     head       null
> set   DT5     head       null
> set   DG5     head       null
> set   DC5     head       null
> set b restype nucleic
> set   DA3     tail       null
> set   DT3     tail       null
> set   DG3     tail       null
> set   DC3     tail       null
> set c restype nucleic
> set   A5     head       null
> set   U5     head       null
> set   G5     head       null
> set   C5     head       null
> set d restype nucleic
> set   A3     tail       null
> set   U3     tail       null
> set   G3     tail       null
> set   C3     tail       null
> set e restype nucleic
> set f restype nucleic
> set g restype nucleic
> set   DAN     head       null
> set   DAN     tail       null
> set   DTN     head       null
> set   DTN     tail       null
> set   DGN     head       null
> set   DGN     tail       null
> set   DCN     head       null
> set   DCN     tail       null
> set h restype nucleic
> set   AN     head       null
> set   AN     tail       null
> set   UN     head       null
> set   UN     tail       null
> set   GN     head       null
> set   GN     tail       null
> set   CN     head       null
> set   CN     tail       null
> set   OHE    head       null
> #
> saveOff a ./nab.lib
Saving DA5.
Building topology.
Building atom parameters.
Saving DT5.
Building topology.
Building atom parameters.
Saving DG5.
Building topology.
Building atom parameters.
Saving DC5.
Building topology.
Building atom parameters.
> saveOff b ./nab.lib
Saving DA3.
Building topology.
Building atom parameters.
Saving DT3.
Building topology.
Building atom parameters.
Saving DG3.
Building topology.
Building atom parameters.
Saving DC3.
Building topology.
Building atom parameters.
> saveOff c ./nab.lib
Saving A5.
Building topology.
Building atom parameters.
Saving U5.
Building topology.
Building atom parameters.
Saving G5.
Building topology.
Building atom parameters.
Saving C5.
Building topology.
Building atom parameters.
> saveOff d ./nab.lib
Saving A3.
Building topology.
Building atom parameters.
Saving U3.
Building topology.
Building atom parameters.
Saving G3.
Building topology.
Building atom parameters.
Saving C3.
Building topology.
Building atom parameters.
> saveOff e ./nab.lib
Saving DA.
Building topology.
Building atom parameters.
Saving DT.
Building topology.
Building atom parameters.
Saving DG.
Building topology.
Building atom parameters.
Saving DC.
Building topology.
Building atom parameters.
> saveOff f ./nab.lib
Saving A.
Building topology.
Building atom parameters.
Saving U.
Building topology.
Building atom parameters.
Saving G.
Building topology.
Building atom parameters.
Saving C.
Building topology.
Building atom parameters.
> saveOff g ./nab.lib
Saving DAN.
Building topology.
Building atom parameters.
Saving DTN.
Building topology.
Building atom parameters.
Saving DGN.
Building topology.
Building atom parameters.
Saving DCN.
Building topology.
Building atom parameters.
> saveOff h ./nab.lib
Saving AN.
Building topology.
Building atom parameters.
Saving UN.
Building topology.
Building atom parameters.
Saving GN.
Building topology.
Building atom parameters.
Saving CN.
Building topology.
Building atom parameters.
Saving OHE.
Building topology.
Building atom parameters.
> #
> #    amino acids..
> #
> #
> clearVariables
Clearing all variables
> #
> #
> loadOff amino12.lib 
Loading library: ./amino12.lib
Loading: ALA
Loading: ARG
Loading: ASH
Loading: ASN
Loading: ASP
Loading: CYM
Loading: CYS
Loading: CYX
Loading: GLH
Loading: GLN
Loading: GLU
Loading: GLY
Loading: HID
Loading: HIE
Loading: HIP
Loading: HYP
Loading: ILE
Loading: LEU
Loading: LYN
Loading: LYS
Loading: MET
Loading: PHE
Loading: PRO
Loading: SER
Loading: THR
Loading: TRP
Loading: TYR
Loading: VAL
> 
> a = { 
>       ALA GLY SER THR LEU ILE VAL ASN GLN ARG 
>       HID HIE HIP TRP PHE TYR GLU ASP LYS LYN
>       PRO CYS CYX MET ASH GLH CYM HYP
>     }
> 
> set a       restype     protein
> set CYX.1   disulphide  CYX.1.SG
> saveOff a   ./nab.lib 
Saving ALA.
Building topology.
Building atom parameters.
Saving GLY.
Building topology.
Building atom parameters.
Saving SER.
Building topology.
Building atom parameters.
Saving THR.
Building topology.
Building atom parameters.
Saving LEU.
Building topology.
Building atom parameters.
Saving ILE.
Building topology.
Building atom parameters.
Saving VAL.
Building topology.
Building atom parameters.
Saving ASN.
Building topology.
Building atom parameters.
Saving GLN.
Building topology.
Building atom parameters.
Saving ARG.
Building topology.
Building atom parameters.
Saving HID.
Building topology.
Building atom parameters.
Saving HIE.
Building topology.
Building atom parameters.
Saving HIP.
Building topology.
Building atom parameters.
Saving TRP.
Building topology.
Building atom parameters.
Saving PHE.
Building topology.
Building atom parameters.
Saving TYR.
Building topology.
Building atom parameters.
Saving GLU.
Building topology.
Building atom parameters.
Saving ASP.
Building topology.
Building atom parameters.
Saving LYS.
Building topology.
Building atom parameters.
Saving LYN.
Building topology.
Building atom parameters.
Saving PRO.
Building topology.
Building atom parameters.
Saving CYS.
Building topology.
Building atom parameters.
Saving CYX.
Building topology.
Building atom parameters.
Saving MET.
Building topology.
Building atom parameters.
Saving ASH.
Building topology.
Building atom parameters.
Saving GLH.
Building topology.
Building atom parameters.
Saving CYM.
Building topology.
Building atom parameters.
Saving HYP.
Building topology.
Building atom parameters.
> 
> #
> # Extract the N terminus residues
> #
> 
> clearVariables
Clearing all variables
> 
> loadOff aminont12.lib
Loading library: ./aminont12.lib
Loading: ACE
Loading: NALA
Loading: NARG
Loading: NASN
Loading: NASP
Loading: NCYS
Loading: NCYX
Loading: NGLN
Loading: NGLU
Loading: NGLY
Loading: NHID
Loading: NHIE
Loading: NHIP
Loading: NILE
Loading: NLEU
Loading: NLYS
Loading: NMET
Loading: NPHE
Loading: NPRO
Loading: NSER
Loading: NTHR
Loading: NTRP
Loading: NTYR
Loading: NVAL
> 
> a = { 
>       NALA NGLY NSER NTHR NLEU NILE NVAL NASN NGLN NARG 
>       NHID NHIE NHIP NTRP NPHE NTYR NGLU NASP NLYS NPRO 
>       NCYS NCYX NMET 
>     }
> 
> set a        head      null
> set NALA.1   nend      null
> set NGLY.1   nend      null
> set NSER.1   nend      null
> set NTHR.1   nend      null
> set NLEU.1   nend      null
> set NILE.1   nend      null
> set NVAL.1   nend      null
> set NASN.1   nend      null
> set NGLN.1   nend      null
> set NARG.1   nend      null
> set NHID.1   nend      null
> set NHIE.1   nend      null
> set NHIP.1   nend      null
> set NTRP.1   nend      null
> set NPHE.1   nend      null
> set NTYR.1   nend      null
> set NGLU.1   nend      null
> set NASP.1   nend      null
> set NLYS.1   nend      null
> set NPRO.1   nend      null
> set NCYS.1   nend      null
> set NCYX.1   nend      null
> set NMET.1   nend      null
> 
> set a        restype   protein
> set NCYX.1   disulphide  NCYX.1.SG
> saveOff a ./nab.lib 
Saving NALA.
Building topology.
Building atom parameters.
Saving NGLY.
Building topology.
Building atom parameters.
Saving NSER.
Building topology.
Building atom parameters.
Saving NTHR.
Building topology.
Building atom parameters.
Saving NLEU.
Building topology.
Building atom parameters.
Saving NILE.
Building topology.
Building atom parameters.
Saving NVAL.
Building topology.
Building atom parameters.
Saving NASN.
Building topology.
Building atom parameters.
Saving NGLN.
Building topology.
Building atom parameters.
Saving NARG.
Building topology.
Building atom parameters.
Saving NHID.
Building topology.
Building atom parameters.
Saving NHIE.
Building topology.
Building atom parameters.
Saving NHIP.
Building topology.
Building atom parameters.
Saving NTRP.
Building topology.
Building atom parameters.
Saving NPHE.
Building topology.
Building atom parameters.
Saving NTYR.
Building topology.
Building atom parameters.
Saving NGLU.
Building topology.
Building atom parameters.
Saving NASP.
Building topology.
Building atom parameters.
Saving NLYS.
Building topology.
Building atom parameters.
Saving NPRO.
Building topology.
Building atom parameters.
Saving NCYS.
Building topology.
Building atom parameters.
Saving NCYX.
Building topology.
Building atom parameters.
Saving NMET.
Building topology.
Building atom parameters.
> 
> set ACE     restype     protein
> set ACE     head        null
> set ACE.1   nend        null
> set ACE     tail        ACE.1.C
> set ACE.1   connect1    ACE.1.C
> saveOff ACE ./nab.lib 
Saving ACE.
Building topology.
Building atom parameters.
> 
> #
> # Extract the C terminus residues
> #
> 
> loadOff aminoct12.lib
Loading library: ./aminoct12.lib
Loading: CALA
Loading: CARG
Loading: CASN
Loading: CASP
Loading: CCYS
Loading: CCYX
Loading: CGLN
Loading: CGLU
Loading: CGLY
Loading: CHID
Loading: CHIE
Loading: CHIP
Loading: CHYP
Loading: CILE
Loading: CLEU
Loading: CLYS
Loading: CMET
Loading: CPHE
Loading: CPRO
Loading: CSER
Loading: CTHR
Loading: CTRP
Loading: CTYR
Loading: CVAL
Loading: NHE
Loading: NME
> 
> a = { 
>       CALA CGLY CSER CTHR CLEU CILE CVAL CASN CGLN CARG 
>       CHID CHIE CHIP CTRP CPHE CTYR CGLU CASP CLYS CPRO 
>       CCYS CCYX CMET 
>     }
> 
> set a        tail      null
> set CALA.1   cend      null
> set CGLY.1   cend      null
> set CSER.1   cend      null
> set CTHR.1   cend      null
> set CLEU.1   cend      null
> set CILE.1   cend      null
> set CVAL.1   cend      null
> set CASN.1   cend      null
> set CGLN.1   cend      null
> set CARG.1   cend      null
> set CHID.1   cend      null
> set CHIE.1   cend      null
> set CHIP.1   cend      null
> set CTRP.1   cend      null
> set CPHE.1   cend      null
> set CTYR.1   cend      null
> set CGLU.1   cend      null
> set CASP.1   cend      null
> set CLYS.1   cend      null
> set CPRO.1   cend      null
> set CCYS.1   cend      null
> set CCYX.1   cend      null
> set CMET.1   cend      null
> 
> set a        restype   protein
> set CCYX.1   disulphide  CCYX.1.SG
> saveOff a ./nab.lib 
Saving CALA.
Building topology.
Building atom parameters.
Saving CGLY.
Building topology.
Building atom parameters.
Saving CSER.
Building topology.
Building atom parameters.
Saving CTHR.
Building topology.
Building atom parameters.
Saving CLEU.
Building topology.
Building atom parameters.
Saving CILE.
Building topology.
Building atom parameters.
Saving CVAL.
Building topology.
Building atom parameters.
Saving CASN.
Building topology.
Building atom parameters.
Saving CGLN.
Building topology.
Building atom parameters.
Saving CARG.
Building topology.
Building atom parameters.
Saving CHID.
Building topology.
Building atom parameters.
Saving CHIE.
Building topology.
Building atom parameters.
Saving CHIP.
Building topology.
Building atom parameters.
Saving CTRP.
Building topology.
Building atom parameters.
Saving CPHE.
Building topology.
Building atom parameters.
Saving CTYR.
Building topology.
Building atom parameters.
Saving CGLU.
Building topology.
Building atom parameters.
Saving CASP.
Building topology.
Building atom parameters.
Saving CLYS.
Building topology.
Building atom parameters.
Saving CPRO.
Building topology.
Building atom parameters.
Saving CCYS.
Building topology.
Building atom parameters.
Saving CCYX.
Building topology.
Building atom parameters.
Saving CMET.
Building topology.
Building atom parameters.
> 
> set NME     restype     protein
> set NME     tail        null
> set NME.1   cend        null
> set NME     head        NME.1.N
> set NME.1   connect0    NME.1.N
> saveOff NME ./nab.lib 
Saving NME.
Building topology.
Building atom parameters.
> 
> set NHE     restype     protein
> set NHE     tail        null
> set NHE.1   cend        null
> set NHE     head        NHE.1.N
> set NHE.1   connect0    NHE.1.N
> saveOff NHE ./nab.lib 
Saving NHE.
Building topology.
Building atom parameters.
> 
> quit
	Quit
